TN:
SF:src/GifBrowserApp.jsx
FN:5,(anonymous_0)
FN:12,(anonymous_1)
FN:15,(anonymous_2)
FN:24,(anonymous_3)
FNF:4
FNH:4
FNDA:5,(anonymous_0)
FNDA:3,(anonymous_1)
FNDA:2,(anonymous_2)
FNDA:2,(anonymous_3)
DA:5,1
DA:6,5
DA:12,5
DA:13,3
DA:15,2
DA:18,5
DA:25,2
LF:7
LH:7
BRDA:13,0,0,1
BRDA:13,0,1,2
BRF:2
BRH:2
end_of_record
TN:
SF:src/components/AddCategory.jsx
FN:3,(anonymous_0)
FN:9,(anonymous_1)
FN:19,(anonymous_2)
FNF:3
FNH:3
FNDA:17,(anonymous_0)
FNDA:6,(anonymous_1)
FNDA:5,(anonymous_2)
DA:3,2
DA:4,17
DA:9,17
DA:10,6
DA:19,17
DA:20,5
DA:21,5
DA:22,5
DA:23,1
DA:25,4
DA:26,4
DA:29,17
DA:42,2
LF:13
LH:13
BRDA:22,0,0,1
BRDA:22,0,1,4
BRF:2
BRH:2
end_of_record
TN:
SF:src/components/GifGrid.jsx
FN:4,(anonymous_0)
FN:12,(anonymous_1)
FNF:2
FNH:2
FNDA:5,(anonymous_0)
FNDA:2,(anonymous_1)
DA:4,2
DA:5,5
DA:7,5
DA:13,2
DA:20,2
LF:5
LH:5
BRDA:10,0,0,5
BRDA:10,0,1,4
BRF:2
BRH:2
end_of_record
TN:
SF:src/components/GifItem.jsx
FN:2,(anonymous_0)
FNF:1
FNH:1
FNDA:5,(anonymous_0)
DA:2,3
DA:3,5
DA:9,3
LF:3
LH:3
BRF:0
BRH:0
end_of_record
TN:
SF:src/components/index.js
FNF:0
FNH:0
LF:0
LH:0
BRF:0
BRH:0
end_of_record
TN:
SF:src/helpers/getGifs.js
FN:1,(anonymous_0)
FN:6,(anonymous_1)
FNF:2
FNH:2
FNDA:5,(anonymous_0)
FNDA:60,(anonymous_1)
DA:1,4
DA:2,5
DA:3,5
DA:4,3
DA:6,60
DA:12,3
LF:6
LH:6
BRF:0
BRH:0
end_of_record
TN:
SF:src/hooks/useFetchGifs.js
FN:9,(anonymous_0)
FN:18,(anonymous_1)
FN:24,(anonymous_2)
FNF:3
FNH:3
FNDA:5,(anonymous_0)
FNDA:4,(anonymous_1)
FNDA:4,(anonymous_2)
DA:9,3
DA:10,5
DA:11,5
DA:18,5
DA:19,4
DA:20,2
DA:21,2
DA:24,5
DA:25,4
DA:28,5
LF:10
LH:10
BRF:0
BRH:0
end_of_record
